<?xml version="1.0" encoding="UTF-8"?>
<!-- Generated by org.testng.reporters.JUnitReportReporter -->
<testsuite skipped="0" hostname="admin-PC" name="pfPack.tests.LoginTest" tests="1" failures="0" timestamp="03 Jul 2019 16:36:11 GMT" time="18.740" errors="0">
  <testcase name="testLogin" time="18.740" classname="pfPack.tests.LoginTest"/>
</testsuite> <!-- pfPack.tests.LoginTest -->
